TN:
SF:C:\Users\Retrotron\Code\album-collection-restful-api\front-end\js\utils\html.js
FN:1,(anonymous_0)
FN:6,(anonymous_1)
FN:19,(anonymous_2)
FN:26,(anonymous_3)
FN:30,(anonymous_4)
FNF:5
FNH:5
FNDA:13,(anonymous_0)
FNDA:13,(anonymous_1)
FNDA:3,(anonymous_2)
FNDA:2,(anonymous_3)
FNDA:5,(anonymous_4)
DA:2,13
DA:7,13
DA:8,1
DA:11,12
DA:13,12
DA:14,1
DA:17,11
DA:20,3
DA:21,1
DA:23,2
DA:24,2
DA:27,2
DA:28,2
DA:31,5
LF:14
LH:14
BRDA:7,0,0,1
BRDA:7,0,1,12
BRDA:13,1,0,1
BRDA:13,1,1,11
BRDA:20,2,0,1
BRDA:20,2,1,2
BRF:6
BRH:6
end_of_record
