TN:
SF:C:\Users\WeCanCodeIT\wcci\code\album-collection\front-end\js\utils\html.js
FN:1,(anonymous_0)
FN:6,(anonymous_1)
FN:19,(anonymous_2)
FN:27,(anonymous_3)
FN:31,(anonymous_4)
FN:35,(anonymous_5)
FNF:6
FNH:6
FNDA:14,(anonymous_0)
FNDA:14,(anonymous_1)
FNDA:3,(anonymous_2)
FNDA:3,(anonymous_3)
FNDA:10,(anonymous_4)
FNDA:1,(anonymous_5)
DA:2,14
DA:7,14
DA:8,1
DA:11,13
DA:13,13
DA:14,1
DA:17,12
DA:20,3
DA:21,1
DA:24,2
DA:25,2
DA:28,3
DA:29,3
DA:32,10
DA:36,1
DA:37,1
DA:38,1
LF:17
LH:17
BRDA:7,0,0,1
BRDA:7,0,1,13
BRDA:13,1,0,1
BRDA:13,1,1,12
BRDA:20,2,0,1
BRDA:20,2,1,2
BRF:6
BRH:6
end_of_record
